{"total": {"lines":{"total":33,"covered":16,"skipped":0,"pct":48.48},"statements":{"total":36,"covered":16,"skipped":0,"pct":44.44},"functions":{"total":7,"covered":4,"skipped":0,"pct":57.14},"branches":{"total":12,"covered":4,"skipped":0,"pct":33.33},"branchesTrue":{"total":0,"covered":0,"skipped":0,"pct":"Unknown"}}
,"/home/elkuku/repos/IITC/KuKu/iitc-kuku-local-storage-editor/src/Helper/Dialog.ts": {"lines":{"total":33,"covered":16,"skipped":0,"pct":48.48},"functions":{"total":7,"covered":4,"skipped":0,"pct":57.14},"statements":{"total":36,"covered":16,"skipped":0,"pct":44.44},"branches":{"total":12,"covered":4,"skipped":0,"pct":33.33}}
}
